<?xml version="1.0" encoding="UTF-8"?>
<!-- Generated by org.testng.reporters.JUnitReportReporter -->
<testsuite hostname="DESKTOP-KSTJK7A" failures="0" tests="6" name="tests.TC_Products" time="7.797" errors="0" timestamp="2023-04-22T01:19:50 EET" skipped="0">
  <testcase classname="tests.TC_Products" name="getAllProducts" time="3.541"/>
  <system-out/>
  <testcase classname="tests.TC_Products" name="getSingleProduct" time="0.646"/>
  <system-out/>
  <testcase classname="tests.TC_Products" name="searchProducts" time="0.569"/>
  <system-out/>
  <testcase classname="tests.TC_Products" name="addProduct" time="1.135"/>
  <system-out/>
  <testcase classname="tests.TC_Products" name="updateProduct" time="1.458"/>
  <system-out/>
  <testcase classname="tests.TC_Products" name="deleteProduct" time="0.448"/>
  <system-out/>
</testsuite> <!-- tests.TC_Products -->
